[0109/233926.048:ERROR:process_reader_win.cc(123)] NtOpenThread: {Access Denied} A process has requested access to an object, but has not been granted those access rights. (0xc0000022)
[0109/233926.050:ERROR:exception_snapshot_win.cc(99)] thread ID 17892 not found in process
[0109/233926.067:ERROR:process_reader_win.cc(123)] NtOpenThread: {Access Denied} A process has requested access to an object, but has not been granted those access rights. (0xc0000022)
[0109/233926.067:ERROR:exception_snapshot_win.cc(99)] thread ID 15568 not found in process
[0109/234007.429:ERROR:process_reader_win.cc(123)] NtOpenThread: {Access Denied} A process has requested access to an object, but has not been granted those access rights. (0xc0000022)
[0109/234007.430:ERROR:exception_snapshot_win.cc(99)] thread ID 14824 not found in process
[0109/234007.451:ERROR:process_reader_win.cc(123)] NtOpenThread: {Access Denied} A process has requested access to an object, but has not been granted those access rights. (0xc0000022)
[0109/234007.451:ERROR:exception_snapshot_win.cc(99)] thread ID 20132 not found in process
[0109/234019.639:ERROR:process_reader_win.cc(123)] NtOpenThread: {Access Denied} A process has requested access to an object, but has not been granted those access rights. (0xc0000022)
[0109/234019.639:ERROR:exception_snapshot_win.cc(99)] thread ID 8356 not found in process
[0109/234019.640:ERROR:process_reader_win.cc(123)] NtOpenThread: {Access Denied} A process has requested access to an object, but has not been granted those access rights. (0xc0000022)
[0109/234019.640:ERROR:exception_snapshot_win.cc(99)] thread ID 5944 not found in process
[0109/234019.659:ERROR:process_reader_win.cc(123)] NtOpenThread: {Access Denied} A process has requested access to an object, but has not been granted those access rights. (0xc0000022)
[0109/234019.659:ERROR:exception_snapshot_win.cc(99)] thread ID 23200 not found in process
[0110/032728.714:ERROR:directory_reader_win.cc(43)] FindFirstFile: The system cannot find the path specified. (0x3)
[0110/034310.232:ERROR:directory_reader_win.cc(43)] FindFirstFile: The system cannot find the path specified. (0x3)
[0110/035746.854:ERROR:directory_reader_win.cc(43)] FindFirstFile: The system cannot find the path specified. (0x3)
[0110/155630.082:ERROR:directory_reader_win.cc(43)] FindFirstFile: The system cannot find the path specified. (0x3)
[0110/171408.834:ERROR:process_reader_win.cc(123)] NtOpenThread: {Access Denied} A process has requested access to an object, but has not been granted those access rights. (0xc0000022)
[0110/171408.834:ERROR:process_reader_win.cc(123)] NtOpenThread: {Access Denied} A process has requested access to an object, but has not been granted those access rights. (0xc0000022)
[0110/171408.836:ERROR:exception_snapshot_win.cc(99)] thread ID 7468 not found in process
[0110/171408.836:ERROR:exception_snapshot_win.cc(99)] thread ID 15792 not found in process
[0110/171408.848:ERROR:process_reader_win.cc(123)] NtOpenThread: {Access Denied} A process has requested access to an object, but has not been granted those access rights. (0xc0000022)
[0110/171408.848:ERROR:exception_snapshot_win.cc(99)] thread ID 11280 not found in process
[0110/194901.327:ERROR:process_reader_win.cc(123)] NtOpenThread: {Access Denied} A process has requested access to an object, but has not been granted those access rights. (0xc0000022)
[0110/194901.329:ERROR:exception_snapshot_win.cc(99)] thread ID 9412 not found in process
[0110/194901.348:ERROR:process_reader_win.cc(123)] NtOpenThread: {Access Denied} A process has requested access to an object, but has not been granted those access rights. (0xc0000022)
[0110/194901.348:ERROR:exception_snapshot_win.cc(99)] thread ID 13820 not found in process
[0110/195013.519:ERROR:process_reader_win.cc(123)] NtOpenThread: {Access Denied} A process has requested access to an object, but has not been granted those access rights. (0xc0000022)
[0110/195013.520:ERROR:exception_snapshot_win.cc(99)] thread ID 2584 not found in process
[0110/195013.534:ERROR:process_reader_win.cc(123)] NtOpenThread: {Access Denied} A process has requested access to an object, but has not been granted those access rights. (0xc0000022)
[0110/195013.535:ERROR:exception_snapshot_win.cc(99)] thread ID 18284 not found in process
[0110/195108.016:ERROR:process_reader_win.cc(123)] NtOpenThread: {Access Denied} A process has requested access to an object, but has not been granted those access rights. (0xc0000022)
[0110/195108.017:ERROR:exception_snapshot_win.cc(99)] thread ID 13048 not found in process
[0110/195108.018:ERROR:process_reader_win.cc(123)] NtOpenThread: {Access Denied} A process has requested access to an object, but has not been granted those access rights. (0xc0000022)
[0110/195108.018:ERROR:exception_snapshot_win.cc(99)] thread ID 2848 not found in process
[0110/195108.034:ERROR:process_reader_win.cc(123)] NtOpenThread: {Access Denied} A process has requested access to an object, but has not been granted those access rights. (0xc0000022)
[0110/195108.034:ERROR:exception_snapshot_win.cc(99)] thread ID 17576 not found in process
[0110/195412.775:ERROR:process_reader_win.cc(123)] NtOpenThread: {Access Denied} A process has requested access to an object, but has not been granted those access rights. (0xc0000022)
[0110/195412.776:ERROR:exception_snapshot_win.cc(99)] thread ID 17872 not found in process
[0110/195412.793:ERROR:process_reader_win.cc(123)] NtOpenThread: {Access Denied} A process has requested access to an object, but has not been granted those access rights. (0xc0000022)
[0110/195412.793:ERROR:exception_snapshot_win.cc(99)] thread ID 15176 not found in process
[0110/195517.768:ERROR:process_reader_win.cc(123)] NtOpenThread: {Access Denied} A process has requested access to an object, but has not been granted those access rights. (0xc0000022)
[0110/195517.769:ERROR:exception_snapshot_win.cc(99)] thread ID 19888 not found in process
[0110/195517.768:ERROR:process_reader_win.cc(123)] NtOpenThread: {Access Denied} A process has requested access to an object, but has not been granted those access rights. (0xc0000022)
[0110/195517.769:ERROR:exception_snapshot_win.cc(99)] thread ID 14464 not found in process
[0110/195517.786:ERROR:process_reader_win.cc(123)] NtOpenThread: {Access Denied} A process has requested access to an object, but has not been granted those access rights. (0xc0000022)
[0110/195517.787:ERROR:exception_snapshot_win.cc(99)] thread ID 15048 not found in process
[0110/200726.976:ERROR:process_reader_win.cc(123)] NtOpenThread: {Access Denied} A process has requested access to an object, but has not been granted those access rights. (0xc0000022)
[0110/200726.976:ERROR:exception_snapshot_win.cc(99)] thread ID 8984 not found in process
[0110/200726.991:ERROR:process_reader_win.cc(123)] NtOpenThread: {Access Denied} A process has requested access to an object, but has not been granted those access rights. (0xc0000022)
[0110/200726.992:ERROR:exception_snapshot_win.cc(99)] thread ID 6436 not found in process
[0110/201035.946:ERROR:process_reader_win.cc(123)] NtOpenThread: {Access Denied} A process has requested access to an object, but has not been granted those access rights. (0xc0000022)
[0110/201035.946:ERROR:exception_snapshot_win.cc(99)] thread ID 11400 not found in process
[0110/201035.963:ERROR:process_reader_win.cc(151)] SuspendThread: Access is denied. (0x5)
[0110/201035.963:ERROR:process_reader_win.cc(123)] NtOpenThread: {Access Denied} A process has requested access to an object, but has not been granted those access rights. (0xc0000022)
[0110/201035.963:ERROR:exception_snapshot_win.cc(99)] thread ID 18440 not found in process
[0110/201103.311:ERROR:process_reader_win.cc(123)] NtOpenThread: {Access Denied} A process has requested access to an object, but has not been granted those access rights. (0xc0000022)
[0110/201103.312:ERROR:exception_snapshot_win.cc(99)] thread ID 17728 not found in process
[0110/201103.312:ERROR:process_reader_win.cc(123)] NtOpenThread: {Access Denied} A process has requested access to an object, but has not been granted those access rights. (0xc0000022)
[0110/201103.313:ERROR:exception_snapshot_win.cc(99)] thread ID 11008 not found in process
[0110/201103.332:ERROR:process_reader_win.cc(123)] NtOpenThread: {Access Denied} A process has requested access to an object, but has not been granted those access rights. (0xc0000022)
[0110/201103.333:ERROR:exception_snapshot_win.cc(99)] thread ID 16208 not found in process
[0110/201226.480:ERROR:process_reader_win.cc(123)] NtOpenThread: {Access Denied} A process has requested access to an object, but has not been granted those access rights. (0xc0000022)
[0110/201226.481:ERROR:exception_snapshot_win.cc(99)] thread ID 5192 not found in process
[0110/201226.486:ERROR:process_reader_win.cc(123)] NtOpenThread: {Access Denied} A process has requested access to an object, but has not been granted those access rights. (0xc0000022)
[0110/201226.486:ERROR:exception_snapshot_win.cc(99)] thread ID 11468 not found in process
[0110/201226.503:ERROR:process_reader_win.cc(123)] NtOpenThread: {Access Denied} A process has requested access to an object, but has not been granted those access rights. (0xc0000022)
[0110/201226.503:ERROR:exception_snapshot_win.cc(99)] thread ID 5492 not found in process
[0110/201738.814:ERROR:process_reader_win.cc(123)] NtOpenThread: {Access Denied} A process has requested access to an object, but has not been granted those access rights. (0xc0000022)
[0110/201738.815:ERROR:exception_snapshot_win.cc(99)] thread ID 19708 not found in process
[0110/201738.834:ERROR:process_reader_win.cc(123)] NtOpenThread: {Access Denied} A process has requested access to an object, but has not been granted those access rights. (0xc0000022)
[0110/201738.834:ERROR:exception_snapshot_win.cc(99)] thread ID 11460 not found in process
[0110/202008.690:ERROR:process_reader_win.cc(123)] NtOpenThread: {Access Denied} A process has requested access to an object, but has not been granted those access rights. (0xc0000022)
[0110/202008.691:ERROR:exception_snapshot_win.cc(99)] thread ID 20256 not found in process
[0110/202008.705:ERROR:process_reader_win.cc(123)] NtOpenThread: {Access Denied} A process has requested access to an object, but has not been granted those access rights. (0xc0000022)
[0110/202008.705:ERROR:exception_snapshot_win.cc(99)] thread ID 2824 not found in process
[0110/202108.323:ERROR:process_reader_win.cc(123)] NtOpenThread: {Access Denied} A process has requested access to an object, but has not been granted those access rights. (0xc0000022)
[0110/202108.324:ERROR:exception_snapshot_win.cc(99)] thread ID 12800 not found in process
[0110/202108.343:ERROR:process_reader_win.cc(123)] NtOpenThread: {Access Denied} A process has requested access to an object, but has not been granted those access rights. (0xc0000022)
[0110/202108.343:ERROR:exception_snapshot_win.cc(99)] thread ID 1072 not found in process
[0110/202218.011:ERROR:process_reader_win.cc(123)] NtOpenThread: {Access Denied} A process has requested access to an object, but has not been granted those access rights. (0xc0000022)
[0110/202218.012:ERROR:exception_snapshot_win.cc(99)] thread ID 1780 not found in process
[0110/202218.036:ERROR:process_reader_win.cc(123)] NtOpenThread: {Access Denied} A process has requested access to an object, but has not been granted those access rights. (0xc0000022)
[0110/202218.037:ERROR:exception_snapshot_win.cc(99)] thread ID 18496 not found in process
[0110/203657.249:ERROR:process_reader_win.cc(123)] NtOpenThread: {Access Denied} A process has requested access to an object, but has not been granted those access rights. (0xc0000022)
[0110/203657.249:ERROR:exception_snapshot_win.cc(99)] thread ID 19660 not found in process
[0110/203657.253:ERROR:process_reader_win.cc(123)] NtOpenThread: {Access Denied} A process has requested access to an object, but has not been granted those access rights. (0xc0000022)
[0110/203657.253:ERROR:exception_snapshot_win.cc(99)] thread ID 11108 not found in process
[0110/203657.268:ERROR:process_reader_win.cc(123)] NtOpenThread: {Access Denied} A process has requested access to an object, but has not been granted those access rights. (0xc0000022)
[0110/203657.269:ERROR:exception_snapshot_win.cc(99)] thread ID 15132 not found in process
[0110/203940.644:ERROR:process_reader_win.cc(123)] NtOpenThread: {Access Denied} A process has requested access to an object, but has not been granted those access rights. (0xc0000022)
[0110/203940.645:ERROR:exception_snapshot_win.cc(99)] thread ID 14672 not found in process
[0110/203940.646:ERROR:process_reader_win.cc(123)] NtOpenThread: {Access Denied} A process has requested access to an object, but has not been granted those access rights. (0xc0000022)
[0110/203940.647:ERROR:exception_snapshot_win.cc(99)] thread ID 15420 not found in process
[0110/203940.661:ERROR:process_reader_win.cc(123)] NtOpenThread: {Access Denied} A process has requested access to an object, but has not been granted those access rights. (0xc0000022)
[0110/203940.661:ERROR:exception_snapshot_win.cc(99)] thread ID 20232 not found in process
[0110/204655.932:ERROR:process_reader_win.cc(123)] NtOpenThread: {Access Denied} A process has requested access to an object, but has not been granted those access rights. (0xc0000022)
[0110/204655.933:ERROR:exception_snapshot_win.cc(99)] thread ID 7036 not found in process
[0110/204655.948:ERROR:process_reader_win.cc(123)] NtOpenThread: {Access Denied} A process has requested access to an object, but has not been granted those access rights. (0xc0000022)
[0110/204655.949:ERROR:exception_snapshot_win.cc(99)] thread ID 16528 not found in process
[0110/204950.015:ERROR:process_reader_win.cc(123)] NtOpenThread: {Access Denied} A process has requested access to an object, but has not been granted those access rights. (0xc0000022)
[0110/204950.016:ERROR:exception_snapshot_win.cc(99)] thread ID 14400 not found in process
[0110/204950.016:ERROR:process_reader_win.cc(123)] NtOpenThread: {Access Denied} A process has requested access to an object, but has not been granted those access rights. (0xc0000022)
[0110/204950.016:ERROR:exception_snapshot_win.cc(99)] thread ID 15176 not found in process
[0110/204950.038:ERROR:process_reader_win.cc(123)] NtOpenThread: {Access Denied} A process has requested access to an object, but has not been granted those access rights. (0xc0000022)
[0110/204950.038:ERROR:exception_snapshot_win.cc(99)] thread ID 15904 not found in process
[0110/205742.112:ERROR:process_reader_win.cc(123)] NtOpenThread: {Access Denied} A process has requested access to an object, but has not been granted those access rights. (0xc0000022)
[0110/205742.112:ERROR:process_reader_win.cc(123)] NtOpenThread: {Access Denied} A process has requested access to an object, but has not been granted those access rights. (0xc0000022)
[0110/205742.113:ERROR:exception_snapshot_win.cc(99)] thread ID 3532 not found in process
[0110/205742.113:ERROR:exception_snapshot_win.cc(99)] thread ID 6220 not found in process
[0110/205742.132:ERROR:process_reader_win.cc(123)] NtOpenThread: {Access Denied} A process has requested access to an object, but has not been granted those access rights. (0xc0000022)
[0110/205742.132:ERROR:exception_snapshot_win.cc(99)] thread ID 19464 not found in process
[0110/211651.928:ERROR:directory_reader_win.cc(43)] FindFirstFile: The system cannot find the path specified. (0x3)
[0110/212524.177:ERROR:process_reader_win.cc(123)] NtOpenThread: {Access Denied} A process has requested access to an object, but has not been granted those access rights. (0xc0000022)
[0110/212524.178:ERROR:exception_snapshot_win.cc(99)] thread ID 16372 not found in process
[0110/212524.196:ERROR:process_reader_win.cc(123)] NtOpenThread: {Access Denied} A process has requested access to an object, but has not been granted those access rights. (0xc0000022)
[0110/212524.197:ERROR:exception_snapshot_win.cc(99)] thread ID 11708 not found in process
[0110/212951.058:ERROR:process_reader_win.cc(123)] NtOpenThread: {Access Denied} A process has requested access to an object, but has not been granted those access rights. (0xc0000022)
[0110/212951.058:ERROR:exception_snapshot_win.cc(99)] thread ID 19912 not found in process
[0110/212951.076:ERROR:process_reader_win.cc(123)] NtOpenThread: {Access Denied} A process has requested access to an object, but has not been granted those access rights. (0xc0000022)
[0110/212951.076:ERROR:exception_snapshot_win.cc(99)] thread ID 17484 not found in process
[0110/213112.350:ERROR:process_reader_win.cc(123)] NtOpenThread: {Access Denied} A process has requested access to an object, but has not been granted those access rights. (0xc0000022)
[0110/213112.351:ERROR:exception_snapshot_win.cc(99)] thread ID 20400 not found in process
[0110/213112.364:ERROR:process_reader_win.cc(123)] NtOpenThread: {Access Denied} A process has requested access to an object, but has not been granted those access rights. (0xc0000022)
[0110/213112.364:ERROR:exception_snapshot_win.cc(99)] thread ID 13880 not found in process
[0110/213333.849:ERROR:process_reader_win.cc(123)] NtOpenThread: {Access Denied} A process has requested access to an object, but has not been granted those access rights. (0xc0000022)
[0110/213333.849:ERROR:exception_snapshot_win.cc(99)] thread ID 4556 not found in process
[0110/213333.848:ERROR:process_reader_win.cc(123)] NtOpenThread: {Access Denied} A process has requested access to an object, but has not been granted those access rights. (0xc0000022)
[0110/213333.850:ERROR:exception_snapshot_win.cc(99)] thread ID 12632 not found in process
[0110/213333.865:ERROR:process_reader_win.cc(123)] NtOpenThread: {Access Denied} A process has requested access to an object, but has not been granted those access rights. (0xc0000022)
[0110/213333.865:ERROR:exception_snapshot_win.cc(99)] thread ID 8372 not found in process
[0110/213403.976:ERROR:process_reader_win.cc(123)] NtOpenThread: {Access Denied} A process has requested access to an object, but has not been granted those access rights. (0xc0000022)
[0110/213403.976:ERROR:exception_snapshot_win.cc(99)] thread ID 17756 not found in process
[0110/213403.991:ERROR:process_reader_win.cc(123)] NtOpenThread: {Access Denied} A process has requested access to an object, but has not been granted those access rights. (0xc0000022)
[0110/213403.991:ERROR:exception_snapshot_win.cc(99)] thread ID 6196 not found in process
[0110/213654.017:ERROR:process_reader_win.cc(123)] NtOpenThread: {Access Denied} A process has requested access to an object, but has not been granted those access rights. (0xc0000022)
[0110/213654.018:ERROR:exception_snapshot_win.cc(99)] thread ID 19012 not found in process
[0110/213654.032:ERROR:process_reader_win.cc(123)] NtOpenThread: {Access Denied} A process has requested access to an object, but has not been granted those access rights. (0xc0000022)
[0110/213654.033:ERROR:exception_snapshot_win.cc(99)] thread ID 18748 not found in process
[0110/213806.087:ERROR:process_reader_win.cc(123)] NtOpenThread: {Access Denied} A process has requested access to an object, but has not been granted those access rights. (0xc0000022)
[0110/213806.087:ERROR:exception_snapshot_win.cc(99)] thread ID 7552 not found in process
[0110/213806.102:ERROR:process_reader_win.cc(123)] NtOpenThread: {Access Denied} A process has requested access to an object, but has not been granted those access rights. (0xc0000022)
[0110/213806.102:ERROR:exception_snapshot_win.cc(99)] thread ID 19316 not found in process
[0110/214135.461:ERROR:process_reader_win.cc(123)] NtOpenThread: {Access Denied} A process has requested access to an object, but has not been granted those access rights. (0xc0000022)
[0110/214135.461:ERROR:exception_snapshot_win.cc(99)] thread ID 18152 not found in process
[0110/214135.479:ERROR:process_reader_win.cc(123)] NtOpenThread: {Access Denied} A process has requested access to an object, but has not been granted those access rights. (0xc0000022)
[0110/214135.479:ERROR:exception_snapshot_win.cc(99)] thread ID 13464 not found in process
[0110/214231.271:ERROR:process_reader_win.cc(123)] NtOpenThread: {Access Denied} A process has requested access to an object, but has not been granted those access rights. (0xc0000022)
[0110/214231.272:ERROR:exception_snapshot_win.cc(99)] thread ID 20396 not found in process
[0110/214231.289:ERROR:process_reader_win.cc(123)] NtOpenThread: {Access Denied} A process has requested access to an object, but has not been granted those access rights. (0xc0000022)
[0110/214231.289:ERROR:exception_snapshot_win.cc(99)] thread ID 10436 not found in process
[0110/214248.753:ERROR:process_reader_win.cc(123)] NtOpenThread: {Access Denied} A process has requested access to an object, but has not been granted those access rights. (0xc0000022)
[0110/214248.753:ERROR:process_reader_win.cc(123)] NtOpenThread: {Access Denied} A process has requested access to an object, but has not been granted those access rights. (0xc0000022)
[0110/214248.754:ERROR:exception_snapshot_win.cc(99)] thread ID 11732 not found in process
[0110/214248.769:ERROR:process_reader_win.cc(123)] NtOpenThread: {Access Denied} A process has requested access to an object, but has not been granted those access rights. (0xc0000022)
[0110/214248.769:ERROR:exception_snapshot_win.cc(99)] thread ID 3384 not found in process
[0110/214332.398:ERROR:process_reader_win.cc(123)] NtOpenThread: {Access Denied} A process has requested access to an object, but has not been granted those access rights. (0xc0000022)
[0110/214332.398:ERROR:process_reader_win.cc(123)] NtOpenThread: {Access Denied} A process has requested access to an object, but has not been granted those access rights. (0xc0000022)
[0110/214332.400:ERROR:exception_snapshot_win.cc(99)] thread ID 17528 not found in process
[0110/214332.400:ERROR:exception_snapshot_win.cc(99)] thread ID 16140 not found in process
[0110/214332.416:ERROR:process_reader_win.cc(123)] NtOpenThread: {Access Denied} A process has requested access to an object, but has not been granted those access rights. (0xc0000022)
[0110/214332.417:ERROR:exception_snapshot_win.cc(99)] thread ID 9260 not found in process
[0110/214501.610:ERROR:process_reader_win.cc(123)] NtOpenThread: {Access Denied} A process has requested access to an object, but has not been granted those access rights. (0xc0000022)
[0110/214501.611:ERROR:process_reader_win.cc(123)] NtOpenThread: {Access Denied} A process has requested access to an object, but has not been granted those access rights. (0xc0000022)
[0110/214501.611:ERROR:exception_snapshot_win.cc(99)] thread ID 1988 not found in process
[0110/214501.611:ERROR:exception_snapshot_win.cc(99)] thread ID 4288 not found in process
[0110/214501.625:ERROR:process_reader_win.cc(123)] NtOpenThread: {Access Denied} A process has requested access to an object, but has not been granted those access rights. (0xc0000022)
[0110/214501.625:ERROR:exception_snapshot_win.cc(99)] thread ID 18420 not found in process
[0110/214515.408:ERROR:process_reader_win.cc(123)] NtOpenThread: {Access Denied} A process has requested access to an object, but has not been granted those access rights. (0xc0000022)
[0110/214515.408:ERROR:exception_snapshot_win.cc(99)] thread ID 17900 not found in process
[0110/214515.409:ERROR:process_reader_win.cc(123)] NtOpenThread: {Access Denied} A process has requested access to an object, but has not been granted those access rights. (0xc0000022)
[0110/214515.409:ERROR:exception_snapshot_win.cc(99)] thread ID 15400 not found in process
[0110/214515.426:ERROR:process_reader_win.cc(123)] NtOpenThread: {Access Denied} A process has requested access to an object, but has not been granted those access rights. (0xc0000022)
[0110/214515.426:ERROR:exception_snapshot_win.cc(99)] thread ID 18936 not found in process
[0110/214541.860:ERROR:process_reader_win.cc(123)] NtOpenThread: {Access Denied} A process has requested access to an object, but has not been granted those access rights. (0xc0000022)
[0110/214541.861:ERROR:exception_snapshot_win.cc(99)] thread ID 7344 not found in process
[0110/214541.865:ERROR:process_reader_win.cc(123)] NtOpenThread: {Access Denied} A process has requested access to an object, but has not been granted those access rights. (0xc0000022)
[0110/214541.865:ERROR:exception_snapshot_win.cc(99)] thread ID 1864 not found in process
[0110/214541.882:ERROR:process_reader_win.cc(123)] NtOpenThread: {Access Denied} A process has requested access to an object, but has not been granted those access rights. (0xc0000022)
[0110/214541.882:ERROR:exception_snapshot_win.cc(99)] thread ID 18168 not found in process
[0110/214725.159:ERROR:process_reader_win.cc(123)] NtOpenThread: {Access Denied} A process has requested access to an object, but has not been granted those access rights. (0xc0000022)
[0110/214725.160:ERROR:exception_snapshot_win.cc(99)] thread ID 3924 not found in process
[0110/214725.162:ERROR:process_reader_win.cc(123)] NtOpenThread: {Access Denied} A process has requested access to an object, but has not been granted those access rights. (0xc0000022)
[0110/214725.162:ERROR:exception_snapshot_win.cc(99)] thread ID 17796 not found in process
[0110/214725.180:ERROR:process_reader_win.cc(123)] NtOpenThread: {Access Denied} A process has requested access to an object, but has not been granted those access rights. (0xc0000022)
[0110/214725.180:ERROR:exception_snapshot_win.cc(99)] thread ID 12584 not found in process
[0110/214924.378:ERROR:process_reader_win.cc(123)] NtOpenThread: {Access Denied} A process has requested access to an object, but has not been granted those access rights. (0xc0000022)
[0110/214924.379:ERROR:exception_snapshot_win.cc(99)] thread ID 6244 not found in process
[0110/214924.395:ERROR:process_reader_win.cc(123)] NtOpenThread: {Access Denied} A process has requested access to an object, but has not been granted those access rights. (0xc0000022)
[0110/214924.396:ERROR:exception_snapshot_win.cc(99)] thread ID 10836 not found in process
[0110/215006.375:ERROR:process_reader_win.cc(123)] NtOpenThread: {Access Denied} A process has requested access to an object, but has not been granted those access rights. (0xc0000022)
[0110/215006.376:ERROR:exception_snapshot_win.cc(99)] thread ID 9392 not found in process
[0110/215006.378:ERROR:process_reader_win.cc(123)] NtOpenThread: {Access Denied} A process has requested access to an object, but has not been granted those access rights. (0xc0000022)
[0110/215006.379:ERROR:exception_snapshot_win.cc(99)] thread ID 14248 not found in process
[0110/215006.403:ERROR:process_reader_win.cc(123)] NtOpenThread: {Access Denied} A process has requested access to an object, but has not been granted those access rights. (0xc0000022)
[0110/215006.404:ERROR:exception_snapshot_win.cc(99)] thread ID 15160 not found in process
[0110/215253.709:ERROR:process_reader_win.cc(123)] NtOpenThread: {Access Denied} A process has requested access to an object, but has not been granted those access rights. (0xc0000022)
[0110/215253.710:ERROR:exception_snapshot_win.cc(99)] thread ID 11840 not found in process
[0110/215253.726:ERROR:process_reader_win.cc(123)] NtOpenThread: {Access Denied} A process has requested access to an object, but has not been granted those access rights. (0xc0000022)
[0110/215253.726:ERROR:exception_snapshot_win.cc(99)] thread ID 15348 not found in process
[0110/215310.686:ERROR:process_reader_win.cc(123)] NtOpenThread: {Access Denied} A process has requested access to an object, but has not been granted those access rights. (0xc0000022)
[0110/215310.686:ERROR:exception_snapshot_win.cc(99)] thread ID 16944 not found in process
[0110/215310.687:ERROR:process_reader_win.cc(123)] NtOpenThread: {Access Denied} A process has requested access to an object, but has not been granted those access rights. (0xc0000022)
[0110/215310.687:ERROR:exception_snapshot_win.cc(99)] thread ID 6572 not found in process
[0110/215310.704:ERROR:process_reader_win.cc(123)] NtOpenThread: {Access Denied} A process has requested access to an object, but has not been granted those access rights. (0xc0000022)
[0110/215310.704:ERROR:exception_snapshot_win.cc(99)] thread ID 12924 not found in process
[0110/215449.049:ERROR:process_reader_win.cc(123)] NtOpenThread: {Access Denied} A process has requested access to an object, but has not been granted those access rights. (0xc0000022)
[0110/215449.049:ERROR:process_reader_win.cc(123)] NtOpenThread: {Access Denied} A process has requested access to an object, but has not been granted those access rights. (0xc0000022)
[0110/215449.050:ERROR:exception_snapshot_win.cc(99)] thread ID 7876 not found in process
[0110/215449.050:ERROR:exception_snapshot_win.cc(99)] thread ID 19708 not found in process
[0110/215449.070:ERROR:process_reader_win.cc(123)] NtOpenThread: {Access Denied} A process has requested access to an object, but has not been granted those access rights. (0xc0000022)
[0110/215449.070:ERROR:exception_snapshot_win.cc(99)] thread ID 9160 not found in process
[0110/215515.980:ERROR:process_reader_win.cc(123)] NtOpenThread: {Access Denied} A process has requested access to an object, but has not been granted those access rights. (0xc0000022)
[0110/215515.982:ERROR:exception_snapshot_win.cc(99)] thread ID 19864 not found in process
[0110/215516.010:ERROR:process_reader_win.cc(123)] NtOpenThread: {Access Denied} A process has requested access to an object, but has not been granted those access rights. (0xc0000022)
[0110/215516.010:ERROR:exception_snapshot_win.cc(99)] thread ID 17360 not found in process
[0110/215659.928:ERROR:process_reader_win.cc(123)] NtOpenThread: {Access Denied} A process has requested access to an object, but has not been granted those access rights. (0xc0000022)
[0110/215659.929:ERROR:exception_snapshot_win.cc(99)] thread ID 10244 not found in process
[0110/215659.942:ERROR:process_reader_win.cc(123)] NtOpenThread: {Access Denied} A process has requested access to an object, but has not been granted those access rights. (0xc0000022)
[0110/215659.943:ERROR:exception_snapshot_win.cc(99)] thread ID 6124 not found in process
[0110/215719.108:ERROR:process_reader_win.cc(123)] NtOpenThread: {Access Denied} A process has requested access to an object, but has not been granted those access rights. (0xc0000022)
[0110/215719.110:ERROR:exception_snapshot_win.cc(99)] thread ID 9580 not found in process
[0110/215719.137:ERROR:process_reader_win.cc(123)] NtOpenThread: {Access Denied} A process has requested access to an object, but has not been granted those access rights. (0xc0000022)
[0110/215719.137:ERROR:exception_snapshot_win.cc(99)] thread ID 19480 not found in process
[0110/220437.377:ERROR:process_reader_win.cc(123)] NtOpenThread: {Access Denied} A process has requested access to an object, but has not been granted those access rights. (0xc0000022)
[0110/220437.377:ERROR:exception_snapshot_win.cc(99)] thread ID 14884 not found in process
[0110/220437.392:ERROR:process_reader_win.cc(123)] NtOpenThread: {Access Denied} A process has requested access to an object, but has not been granted those access rights. (0xc0000022)
[0110/220437.392:ERROR:exception_snapshot_win.cc(99)] thread ID 12852 not found in process
[0110/220455.522:ERROR:process_reader_win.cc(123)] NtOpenThread: {Access Denied} A process has requested access to an object, but has not been granted those access rights. (0xc0000022)
[0110/220455.523:ERROR:exception_snapshot_win.cc(99)] thread ID 19288 not found in process
[0110/220455.522:ERROR:process_reader_win.cc(123)] NtOpenThread: {Access Denied} A process has requested access to an object, but has not been granted those access rights. (0xc0000022)
[0110/220455.523:ERROR:exception_snapshot_win.cc(99)] thread ID 18420 not found in process
[0110/220455.539:ERROR:process_reader_win.cc(123)] NtOpenThread: {Access Denied} A process has requested access to an object, but has not been granted those access rights. (0xc0000022)
[0110/220455.540:ERROR:exception_snapshot_win.cc(99)] thread ID 10032 not found in process
[0110/220614.595:ERROR:process_reader_win.cc(123)] NtOpenThread: {Access Denied} A process has requested access to an object, but has not been granted those access rights. (0xc0000022)
[0110/220614.595:ERROR:exception_snapshot_win.cc(99)] thread ID 18980 not found in process
[0110/220614.610:ERROR:process_reader_win.cc(123)] NtOpenThread: {Access Denied} A process has requested access to an object, but has not been granted those access rights. (0xc0000022)
[0110/220614.610:ERROR:exception_snapshot_win.cc(99)] thread ID 20232 not found in process
[0110/220629.371:ERROR:process_reader_win.cc(123)] NtOpenThread: {Access Denied} A process has requested access to an object, but has not been granted those access rights. (0xc0000022)
[0110/220629.371:ERROR:exception_snapshot_win.cc(99)] thread ID 20292 not found in process
[0110/220629.388:ERROR:process_reader_win.cc(123)] NtOpenThread: {Access Denied} A process has requested access to an object, but has not been granted those access rights. (0xc0000022)
[0110/220629.389:ERROR:exception_snapshot_win.cc(99)] thread ID 13840 not found in process
[0110/220700.053:ERROR:process_reader_win.cc(123)] NtOpenThread: {Access Denied} A process has requested access to an object, but has not been granted those access rights. (0xc0000022)
[0110/220700.054:ERROR:exception_snapshot_win.cc(99)] thread ID 3828 not found in process
[0110/220700.071:ERROR:process_reader_win.cc(123)] NtOpenThread: {Access Denied} A process has requested access to an object, but has not been granted those access rights. (0xc0000022)
[0110/220700.071:ERROR:exception_snapshot_win.cc(99)] thread ID 11000 not found in process
[0110/220750.162:ERROR:process_reader_win.cc(123)] NtOpenThread: {Access Denied} A process has requested access to an object, but has not been granted those access rights. (0xc0000022)
[0110/220750.162:ERROR:exception_snapshot_win.cc(99)] thread ID 13072 not found in process
[0110/220750.164:ERROR:process_reader_win.cc(123)] NtOpenThread: {Access Denied} A process has requested access to an object, but has not been granted those access rights. (0xc0000022)
[0110/220750.164:ERROR:exception_snapshot_win.cc(99)] thread ID 12964 not found in process
[0110/220750.178:ERROR:process_reader_win.cc(123)] NtOpenThread: {Access Denied} A process has requested access to an object, but has not been granted those access rights. (0xc0000022)
[0110/220750.178:ERROR:exception_snapshot_win.cc(99)] thread ID 13272 not found in process
[0110/220953.767:ERROR:process_reader_win.cc(123)] NtOpenThread: {Access Denied} A process has requested access to an object, but has not been granted those access rights. (0xc0000022)
[0110/220953.768:ERROR:exception_snapshot_win.cc(99)] thread ID 8880 not found in process
[0110/220953.783:ERROR:process_reader_win.cc(123)] NtOpenThread: {Access Denied} A process has requested access to an object, but has not been granted those access rights. (0xc0000022)
[0110/220953.783:ERROR:exception_snapshot_win.cc(99)] thread ID 19532 not found in process
[0110/221316.745:ERROR:process_reader_win.cc(123)] NtOpenThread: {Access Denied} A process has requested access to an object, but has not been granted those access rights. (0xc0000022)
[0110/221316.746:ERROR:exception_snapshot_win.cc(99)] thread ID 14636 not found in process
[0110/221316.768:ERROR:process_reader_win.cc(123)] NtOpenThread: {Access Denied} A process has requested access to an object, but has not been granted those access rights. (0xc0000022)
[0110/221316.768:ERROR:exception_snapshot_win.cc(99)] thread ID 12748 not found in process
[0110/221440.722:ERROR:process_reader_win.cc(123)] NtOpenThread: {Access Denied} A process has requested access to an object, but has not been granted those access rights. (0xc0000022)
[0110/221440.723:ERROR:exception_snapshot_win.cc(99)] thread ID 16892 not found in process
[0110/221440.724:ERROR:process_reader_win.cc(123)] NtOpenThread: {Access Denied} A process has requested access to an object, but has not been granted those access rights. (0xc0000022)
[0110/221440.724:ERROR:exception_snapshot_win.cc(99)] thread ID 10280 not found in process
[0110/221440.741:ERROR:process_reader_win.cc(123)] NtOpenThread: {Access Denied} A process has requested access to an object, but has not been granted those access rights. (0xc0000022)
[0110/221440.742:ERROR:exception_snapshot_win.cc(99)] thread ID 2192 not found in process
[0110/221623.767:ERROR:process_reader_win.cc(123)] NtOpenThread: {Access Denied} A process has requested access to an object, but has not been granted those access rights. (0xc0000022)
[0110/221623.766:ERROR:process_reader_win.cc(123)] NtOpenThread: {Access Denied} A process has requested access to an object, but has not been granted those access rights. (0xc0000022)
[0110/221623.768:ERROR:exception_snapshot_win.cc(99)] thread ID 7768 not found in process
[0110/221623.768:ERROR:exception_snapshot_win.cc(99)] thread ID 12448 not found in process
[0110/221623.790:ERROR:process_reader_win.cc(123)] NtOpenThread: {Access Denied} A process has requested access to an object, but has not been granted those access rights. (0xc0000022)
[0110/221623.791:ERROR:exception_snapshot_win.cc(99)] thread ID 2552 not found in process
[0110/221912.975:ERROR:process_reader_win.cc(123)] NtOpenThread: {Access Denied} A process has requested access to an object, but has not been granted those access rights. (0xc0000022)
[0110/221912.975:ERROR:exception_snapshot_win.cc(99)] thread ID 15336 not found in process
[0110/221912.989:ERROR:process_reader_win.cc(123)] NtOpenThread: {Access Denied} A process has requested access to an object, but has not been granted those access rights. (0xc0000022)
[0110/221912.989:ERROR:exception_snapshot_win.cc(99)] thread ID 20248 not found in process
[0110/222209.302:ERROR:process_reader_win.cc(123)] NtOpenThread: {Access Denied} A process has requested access to an object, but has not been granted those access rights. (0xc0000022)
[0110/222209.303:ERROR:exception_snapshot_win.cc(99)] thread ID 18596 not found in process
[0110/222209.303:ERROR:process_reader_win.cc(123)] NtOpenThread: {Access Denied} A process has requested access to an object, but has not been granted those access rights. (0xc0000022)
[0110/222209.303:ERROR:exception_snapshot_win.cc(99)] thread ID 600 not found in process
[0110/222209.317:ERROR:process_reader_win.cc(123)] NtOpenThread: {Access Denied} A process has requested access to an object, but has not been granted those access rights. (0xc0000022)
[0110/222209.317:ERROR:exception_snapshot_win.cc(99)] thread ID 16360 not found in process
[0110/222246.633:ERROR:process_reader_win.cc(123)] NtOpenThread: {Access Denied} A process has requested access to an object, but has not been granted those access rights. (0xc0000022)
[0110/222246.633:ERROR:exception_snapshot_win.cc(99)] thread ID 12368 not found in process
[0110/222246.646:ERROR:process_reader_win.cc(123)] NtOpenThread: {Access Denied} A process has requested access to an object, but has not been granted those access rights. (0xc0000022)
[0110/222246.647:ERROR:exception_snapshot_win.cc(99)] thread ID 17156 not found in process
[0110/222631.643:ERROR:process_reader_win.cc(123)] NtOpenThread: {Access Denied} A process has requested access to an object, but has not been granted those access rights. (0xc0000022)
[0110/222631.643:ERROR:process_reader_win.cc(123)] NtOpenThread: {Access Denied} A process has requested access to an object, but has not been granted those access rights. (0xc0000022)
[0110/222631.643:ERROR:exception_snapshot_win.cc(99)] thread ID 12996 not found in process
[0110/222631.643:ERROR:exception_snapshot_win.cc(99)] thread ID 11984 not found in process
[0110/222631.661:ERROR:process_reader_win.cc(123)] NtOpenThread: {Access Denied} A process has requested access to an object, but has not been granted those access rights. (0xc0000022)
[0110/222631.661:ERROR:exception_snapshot_win.cc(99)] thread ID 11764 not found in process
[0110/222807.291:ERROR:process_reader_win.cc(123)] NtOpenThread: {Access Denied} A process has requested access to an object, but has not been granted those access rights. (0xc0000022)
[0110/222807.291:ERROR:exception_snapshot_win.cc(99)] thread ID 16924 not found in process
[0110/222807.294:ERROR:process_reader_win.cc(123)] NtOpenThread: {Access Denied} A process has requested access to an object, but has not been granted those access rights. (0xc0000022)
[0110/222807.294:ERROR:exception_snapshot_win.cc(99)] thread ID 8248 not found in process
[0110/222807.309:ERROR:process_reader_win.cc(123)] NtOpenThread: {Access Denied} A process has requested access to an object, but has not been granted those access rights. (0xc0000022)
[0110/222807.310:ERROR:exception_snapshot_win.cc(99)] thread ID 9036 not found in process
[0110/222922.699:ERROR:process_reader_win.cc(123)] NtOpenThread: {Access Denied} A process has requested access to an object, but has not been granted those access rights. (0xc0000022)
[0110/222922.700:ERROR:exception_snapshot_win.cc(99)] thread ID 18840 not found in process
[0110/222922.715:ERROR:process_reader_win.cc(123)] NtOpenThread: {Access Denied} A process has requested access to an object, but has not been granted those access rights. (0xc0000022)
[0110/222922.715:ERROR:exception_snapshot_win.cc(99)] thread ID 13144 not found in process
[0110/223210.017:ERROR:process_reader_win.cc(123)] NtOpenThread: {Access Denied} A process has requested access to an object, but has not been granted those access rights. (0xc0000022)
[0110/223210.019:ERROR:exception_snapshot_win.cc(99)] thread ID 17528 not found in process
[0110/223210.024:ERROR:process_reader_win.cc(123)] NtOpenThread: {Access Denied} A process has requested access to an object, but has not been granted those access rights. (0xc0000022)
[0110/223210.024:ERROR:exception_snapshot_win.cc(99)] thread ID 16020 not found in process
[0110/223210.045:ERROR:process_reader_win.cc(123)] NtOpenThread: {Access Denied} A process has requested access to an object, but has not been granted those access rights. (0xc0000022)
[0110/223210.046:ERROR:exception_snapshot_win.cc(99)] thread ID 7368 not found in process
[0110/223359.359:ERROR:process_reader_win.cc(123)] NtOpenThread: {Access Denied} A process has requested access to an object, but has not been granted those access rights. (0xc0000022)
[0110/223359.359:ERROR:exception_snapshot_win.cc(99)] thread ID 8328 not found in process
[0110/223359.363:ERROR:process_reader_win.cc(123)] NtOpenThread: {Access Denied} A process has requested access to an object, but has not been granted those access rights. (0xc0000022)
[0110/223359.364:ERROR:exception_snapshot_win.cc(99)] thread ID 12836 not found in process
[0110/223359.379:ERROR:process_reader_win.cc(123)] NtOpenThread: {Access Denied} A process has requested access to an object, but has not been granted those access rights. (0xc0000022)
[0110/223359.379:ERROR:exception_snapshot_win.cc(99)] thread ID 19656 not found in process
[0110/223834.962:ERROR:process_reader_win.cc(123)] NtOpenThread: {Access Denied} A process has requested access to an object, but has not been granted those access rights. (0xc0000022)
[0110/223834.962:ERROR:exception_snapshot_win.cc(99)] thread ID 16720 not found in process
[0110/223834.978:ERROR:process_reader_win.cc(123)] NtOpenThread: {Access Denied} A process has requested access to an object, but has not been granted those access rights. (0xc0000022)
[0110/223834.978:ERROR:exception_snapshot_win.cc(99)] thread ID 11852 not found in process
[0110/223856.622:ERROR:process_reader_win.cc(123)] NtOpenThread: {Access Denied} A process has requested access to an object, but has not been granted those access rights. (0xc0000022)
[0110/223856.623:ERROR:exception_snapshot_win.cc(99)] thread ID 19712 not found in process
[0110/223856.624:ERROR:process_reader_win.cc(123)] NtOpenThread: {Access Denied} A process has requested access to an object, but has not been granted those access rights. (0xc0000022)
[0110/223856.624:ERROR:exception_snapshot_win.cc(99)] thread ID 2824 not found in process
[0110/223856.640:ERROR:process_reader_win.cc(123)] NtOpenThread: {Access Denied} A process has requested access to an object, but has not been granted those access rights. (0xc0000022)
[0110/223856.640:ERROR:exception_snapshot_win.cc(99)] thread ID 17532 not found in process
[0110/224306.186:ERROR:process_reader_win.cc(123)] NtOpenThread: {Access Denied} A process has requested access to an object, but has not been granted those access rights. (0xc0000022)
[0110/224306.187:ERROR:exception_snapshot_win.cc(99)] thread ID 3688 not found in process
[0110/224306.202:ERROR:process_reader_win.cc(123)] NtOpenThread: {Access Denied} A process has requested access to an object, but has not been granted those access rights. (0xc0000022)
[0110/224306.202:ERROR:exception_snapshot_win.cc(99)] thread ID 19176 not found in process
[0110/224441.554:ERROR:process_reader_win.cc(123)] NtOpenThread: {Access Denied} A process has requested access to an object, but has not been granted those access rights. (0xc0000022)
[0110/224441.554:ERROR:process_reader_win.cc(123)] NtOpenThread: {Access Denied} A process has requested access to an object, but has not been granted those access rights. (0xc0000022)
[0110/224441.554:ERROR:exception_snapshot_win.cc(99)] thread ID 14620 not found in process
[0110/224441.554:ERROR:exception_snapshot_win.cc(99)] thread ID 20424 not found in process
[0110/224441.568:ERROR:process_reader_win.cc(123)] NtOpenThread: {Access Denied} A process has requested access to an object, but has not been granted those access rights. (0xc0000022)
[0110/224441.569:ERROR:exception_snapshot_win.cc(99)] thread ID 16156 not found in process
[0110/224609.067:ERROR:process_reader_win.cc(123)] NtOpenThread: {Access Denied} A process has requested access to an object, but has not been granted those access rights. (0xc0000022)
[0110/224609.068:ERROR:exception_snapshot_win.cc(99)] thread ID 6688 not found in process
[0110/224609.070:ERROR:process_reader_win.cc(123)] NtOpenThread: {Access Denied} A process has requested access to an object, but has not been granted those access rights. (0xc0000022)
[0110/224609.070:ERROR:exception_snapshot_win.cc(99)] thread ID 3828 not found in process
[0110/224609.083:ERROR:process_reader_win.cc(123)] NtOpenThread: {Access Denied} A process has requested access to an object, but has not been granted those access rights. (0xc0000022)
[0110/224609.084:ERROR:exception_snapshot_win.cc(99)] thread ID 13208 not found in process
[0110/224926.838:ERROR:process_reader_win.cc(123)] NtOpenThread: {Access Denied} A process has requested access to an object, but has not been granted those access rights. (0xc0000022)
[0110/224926.839:ERROR:exception_snapshot_win.cc(99)] thread ID 5600 not found in process
[0110/224926.857:ERROR:process_reader_win.cc(123)] NtOpenThread: {Access Denied} A process has requested access to an object, but has not been granted those access rights. (0xc0000022)
[0110/224926.858:ERROR:exception_snapshot_win.cc(99)] thread ID 1908 not found in process
[0110/225006.933:ERROR:process_reader_win.cc(123)] NtOpenThread: {Access Denied} A process has requested access to an object, but has not been granted those access rights. (0xc0000022)
[0110/225006.934:ERROR:exception_snapshot_win.cc(99)] thread ID 20424 not found in process
[0110/225006.948:ERROR:process_reader_win.cc(123)] NtOpenThread: {Access Denied} A process has requested access to an object, but has not been granted those access rights. (0xc0000022)
[0110/225006.948:ERROR:exception_snapshot_win.cc(99)] thread ID 19404 not found in process
[0110/225508.125:ERROR:process_reader_win.cc(123)] NtOpenThread: {Access Denied} A process has requested access to an object, but has not been granted those access rights. (0xc0000022)
[0110/225508.126:ERROR:exception_snapshot_win.cc(99)] thread ID 1856 not found in process
[0110/225508.140:ERROR:process_reader_win.cc(123)] NtOpenThread: {Access Denied} A process has requested access to an object, but has not been granted those access rights. (0xc0000022)
[0110/225508.140:ERROR:exception_snapshot_win.cc(99)] thread ID 9236 not found in process
[0110/225629.870:ERROR:process_reader_win.cc(123)] NtOpenThread: {Access Denied} A process has requested access to an object, but has not been granted those access rights. (0xc0000022)
[0110/225629.872:ERROR:exception_snapshot_win.cc(99)] thread ID 18636 not found in process
[0110/225629.873:ERROR:process_reader_win.cc(123)] NtOpenThread: {Access Denied} A process has requested access to an object, but has not been granted those access rights. (0xc0000022)
[0110/225629.873:ERROR:exception_snapshot_win.cc(99)] thread ID 18220 not found in process
[0110/225629.888:ERROR:process_reader_win.cc(123)] NtOpenThread: {Access Denied} A process has requested access to an object, but has not been granted those access rights. (0xc0000022)
[0110/225629.888:ERROR:exception_snapshot_win.cc(99)] thread ID 8984 not found in process
[0110/225657.528:ERROR:process_reader_win.cc(123)] NtOpenThread: {Access Denied} A process has requested access to an object, but has not been granted those access rights. (0xc0000022)
[0110/225657.530:ERROR:exception_snapshot_win.cc(99)] thread ID 15988 not found in process
[0110/225657.553:ERROR:process_reader_win.cc(123)] NtOpenThread: {Access Denied} A process has requested access to an object, but has not been granted those access rights. (0xc0000022)
[0110/225657.553:ERROR:exception_snapshot_win.cc(99)] thread ID 8044 not found in process
[0110/225847.953:ERROR:process_reader_win.cc(123)] NtOpenThread: {Access Denied} A process has requested access to an object, but has not been granted those access rights. (0xc0000022)
[0110/225847.954:ERROR:exception_snapshot_win.cc(99)] thread ID 18440 not found in process
[0110/225847.973:ERROR:process_reader_win.cc(123)] NtOpenThread: {Access Denied} A process has requested access to an object, but has not been granted those access rights. (0xc0000022)
[0110/225847.973:ERROR:exception_snapshot_win.cc(99)] thread ID 12688 not found in process
[0110/225911.458:ERROR:process_reader_win.cc(123)] NtOpenThread: {Access Denied} A process has requested access to an object, but has not been granted those access rights. (0xc0000022)
[0110/225911.458:ERROR:process_reader_win.cc(123)] NtOpenThread: {Access Denied} A process has requested access to an object, but has not been granted those access rights. (0xc0000022)
[0110/225911.459:ERROR:exception_snapshot_win.cc(99)] thread ID 18440 not found in process
[0110/225911.459:ERROR:exception_snapshot_win.cc(99)] thread ID 17832 not found in process
[0110/225911.474:ERROR:process_reader_win.cc(123)] NtOpenThread: {Access Denied} A process has requested access to an object, but has not been granted those access rights. (0xc0000022)
[0110/225911.474:ERROR:exception_snapshot_win.cc(99)] thread ID 14684 not found in process
[0110/230606.915:ERROR:process_reader_win.cc(123)] NtOpenThread: {Access Denied} A process has requested access to an object, but has not been granted those access rights. (0xc0000022)
[0110/230606.915:ERROR:exception_snapshot_win.cc(99)] thread ID 14636 not found in process
[0110/230606.930:ERROR:process_reader_win.cc(123)] NtOpenThread: {Access Denied} A process has requested access to an object, but has not been granted those access rights. (0xc0000022)
[0110/230606.930:ERROR:exception_snapshot_win.cc(99)] thread ID 15176 not found in process
[0110/230659.537:ERROR:process_reader_win.cc(123)] NtOpenThread: {Access Denied} A process has requested access to an object, but has not been granted those access rights. (0xc0000022)
[0110/230659.538:ERROR:exception_snapshot_win.cc(99)] thread ID 20380 not found in process
[0110/230659.554:ERROR:process_reader_win.cc(123)] NtOpenThread: {Access Denied} A process has requested access to an object, but has not been granted those access rights. (0xc0000022)
[0110/230659.554:ERROR:exception_snapshot_win.cc(99)] thread ID 2884 not found in process
[0110/230856.456:ERROR:process_reader_win.cc(123)] NtOpenThread: {Access Denied} A process has requested access to an object, but has not been granted those access rights. (0xc0000022)
[0110/230856.457:ERROR:exception_snapshot_win.cc(99)] thread ID 17448 not found in process
[0110/230856.469:ERROR:process_reader_win.cc(123)] NtOpenThread: {Access Denied} A process has requested access to an object, but has not been granted those access rights. (0xc0000022)
[0110/230856.469:ERROR:exception_snapshot_win.cc(99)] thread ID 19180 not found in process
[0110/232951.039:ERROR:process_reader_win.cc(123)] NtOpenThread: {Access Denied} A process has requested access to an object, but has not been granted those access rights. (0xc0000022)
[0110/232951.040:ERROR:exception_snapshot_win.cc(99)] thread ID 19380 not found in process
[0110/232951.054:ERROR:process_reader_win.cc(123)] NtOpenThread: {Access Denied} A process has requested access to an object, but has not been granted those access rights. (0xc0000022)
[0110/232951.054:ERROR:exception_snapshot_win.cc(99)] thread ID 18184 not found in process
[0110/233110.873:ERROR:process_reader_win.cc(123)] NtOpenThread: {Access Denied} A process has requested access to an object, but has not been granted those access rights. (0xc0000022)
[0110/233110.874:ERROR:exception_snapshot_win.cc(99)] thread ID 18048 not found in process
[0110/233110.890:ERROR:process_reader_win.cc(123)] NtOpenThread: {Access Denied} A process has requested access to an object, but has not been granted those access rights. (0xc0000022)
[0110/233110.890:ERROR:exception_snapshot_win.cc(99)] thread ID 16096 not found in process
[0110/233236.294:ERROR:process_reader_win.cc(123)] NtOpenThread: {Access Denied} A process has requested access to an object, but has not been granted those access rights. (0xc0000022)
[0110/233236.295:ERROR:exception_snapshot_win.cc(99)] thread ID 2200 not found in process
[0110/233236.300:ERROR:process_reader_win.cc(123)] NtOpenThread: {Access Denied} A process has requested access to an object, but has not been granted those access rights. (0xc0000022)
[0110/233236.300:ERROR:exception_snapshot_win.cc(99)] thread ID 20688 not found in process
[0110/233236.313:ERROR:process_reader_win.cc(123)] NtOpenThread: {Access Denied} A process has requested access to an object, but has not been granted those access rights. (0xc0000022)
[0110/233236.313:ERROR:exception_snapshot_win.cc(99)] thread ID 21000 not found in process
[0110/233526.065:ERROR:process_reader_win.cc(123)] NtOpenThread: {Access Denied} A process has requested access to an object, but has not been granted those access rights. (0xc0000022)
[0110/233526.066:ERROR:exception_snapshot_win.cc(99)] thread ID 20948 not found in process
[0110/233526.082:ERROR:process_reader_win.cc(123)] NtOpenThread: {Access Denied} A process has requested access to an object, but has not been granted those access rights. (0xc0000022)
[0110/233526.083:ERROR:exception_snapshot_win.cc(99)] thread ID 21008 not found in process
[0110/233742.068:ERROR:process_reader_win.cc(123)] NtOpenThread: {Access Denied} A process has requested access to an object, but has not been granted those access rights. (0xc0000022)
[0110/233742.069:ERROR:exception_snapshot_win.cc(99)] thread ID 6404 not found in process
[0110/233742.082:ERROR:process_reader_win.cc(123)] NtOpenThread: {Access Denied} A process has requested access to an object, but has not been granted those access rights. (0xc0000022)
[0110/233742.082:ERROR:exception_snapshot_win.cc(99)] thread ID 11092 not found in process
[0110/235016.619:ERROR:process_reader_win.cc(123)] NtOpenThread: {Access Denied} A process has requested access to an object, but has not been granted those access rights. (0xc0000022)
[0110/235016.620:ERROR:exception_snapshot_win.cc(99)] thread ID 14420 not found in process
[0110/235016.620:ERROR:process_reader_win.cc(123)] NtOpenThread: {Access Denied} A process has requested access to an object, but has not been granted those access rights. (0xc0000022)
[0110/235016.620:ERROR:exception_snapshot_win.cc(99)] thread ID 11732 not found in process
[0110/235016.635:ERROR:process_reader_win.cc(123)] NtOpenThread: {Access Denied} A process has requested access to an object, but has not been granted those access rights. (0xc0000022)
[0110/235016.635:ERROR:exception_snapshot_win.cc(99)] thread ID 4068 not found in process
[0111/002043.816:ERROR:process_reader_win.cc(123)] NtOpenThread: {Access Denied} A process has requested access to an object, but has not been granted those access rights. (0xc0000022)
[0111/002043.817:ERROR:exception_snapshot_win.cc(99)] thread ID 13892 not found in process
[0111/002043.818:ERROR:process_reader_win.cc(123)] NtOpenThread: {Access Denied} A process has requested access to an object, but has not been granted those access rights. (0xc0000022)
[0111/002043.819:ERROR:exception_snapshot_win.cc(99)] thread ID 15348 not found in process
[0111/002043.831:ERROR:process_reader_win.cc(123)] NtOpenThread: {Access Denied} A process has requested access to an object, but has not been granted those access rights. (0xc0000022)
[0111/002043.832:ERROR:exception_snapshot_win.cc(99)] thread ID 13700 not found in process
[0111/002455.808:ERROR:process_reader_win.cc(123)] NtOpenThread: {Access Denied} A process has requested access to an object, but has not been granted those access rights. (0xc0000022)
[0111/002455.809:ERROR:exception_snapshot_win.cc(99)] thread ID 20468 not found in process
[0111/002455.810:ERROR:process_reader_win.cc(123)] NtOpenThread: {Access Denied} A process has requested access to an object, but has not been granted those access rights. (0xc0000022)
[0111/002455.810:ERROR:exception_snapshot_win.cc(99)] thread ID 7212 not found in process
[0111/002455.827:ERROR:process_reader_win.cc(123)] NtOpenThread: {Access Denied} A process has requested access to an object, but has not been granted those access rights. (0xc0000022)
[0111/002455.827:ERROR:exception_snapshot_win.cc(99)] thread ID 8052 not found in process
[0111/004944.957:ERROR:process_reader_win.cc(123)] NtOpenThread: {Access Denied} A process has requested access to an object, but has not been granted those access rights. (0xc0000022)
[0111/004944.958:ERROR:exception_snapshot_win.cc(99)] thread ID 20968 not found in process
[0111/004944.972:ERROR:process_reader_win.cc(123)] NtOpenThread: {Access Denied} A process has requested access to an object, but has not been granted those access rights. (0xc0000022)
[0111/004944.972:ERROR:exception_snapshot_win.cc(99)] thread ID 1932 not found in process
