[0103/211649.203:ERROR:process_reader_win.cc(123)] NtOpenThread: {Access Denied} A process has requested access to an object, but has not been granted those access rights. (0xc0000022)
[0103/211649.205:ERROR:exception_snapshot_win.cc(99)] thread ID 20428 not found in process
[0103/211649.225:ERROR:process_reader_win.cc(123)] NtOpenThread: {Access Denied} A process has requested access to an object, but has not been granted those access rights. (0xc0000022)
[0103/211649.225:ERROR:exception_snapshot_win.cc(99)] thread ID 23916 not found in process
[0103/211726.845:ERROR:process_reader_win.cc(123)] NtOpenThread: {Access Denied} A process has requested access to an object, but has not been granted those access rights. (0xc0000022)
[0103/211726.847:ERROR:exception_snapshot_win.cc(99)] thread ID 24800 not found in process
[0103/211726.865:ERROR:process_reader_win.cc(123)] NtOpenThread: {Access Denied} A process has requested access to an object, but has not been granted those access rights. (0xc0000022)
[0103/211726.865:ERROR:exception_snapshot_win.cc(99)] thread ID 25280 not found in process
[0103/212921.739:ERROR:process_reader_win.cc(151)] SuspendThread: Access is denied. (0x5)
[0103/212921.740:ERROR:process_reader_win.cc(151)] SuspendThread: Access is denied. (0x5)
[0103/212921.740:ERROR:process_reader_win.cc(151)] SuspendThread: Access is denied. (0x5)
[0103/212921.740:ERROR:process_reader_win.cc(151)] SuspendThread: Access is denied. (0x5)
[0103/212921.740:ERROR:process_reader_win.cc(151)] SuspendThread: Access is denied. (0x5)
[0103/212921.740:ERROR:process_reader_win.cc(151)] SuspendThread: Access is denied. (0x5)
[0103/212921.740:ERROR:process_reader_win.cc(151)] SuspendThread: Access is denied. (0x5)
[0103/212921.740:ERROR:process_reader_win.cc(151)] SuspendThread: Access is denied. (0x5)
[0103/212921.740:ERROR:process_reader_win.cc(123)] NtOpenThread: {Access Denied} A process has requested access to an object, but has not been granted those access rights. (0xc0000022)
[0103/212921.740:ERROR:exception_snapshot_win.cc(99)] thread ID 7116 not found in process
[0103/212921.741:ERROR:process_reader_win.cc(151)] SuspendThread: Access is denied. (0x5)
[0103/212921.742:ERROR:process_reader_win.cc(151)] SuspendThread: Access is denied. (0x5)
[0103/212921.742:ERROR:process_reader_win.cc(151)] SuspendThread: Access is denied. (0x5)
[0103/212921.742:ERROR:process_reader_win.cc(151)] SuspendThread: Access is denied. (0x5)
[0103/212921.742:ERROR:process_reader_win.cc(151)] SuspendThread: Access is denied. (0x5)
[0103/212921.742:ERROR:process_reader_win.cc(151)] SuspendThread: Access is denied. (0x5)
[0103/212921.742:ERROR:process_reader_win.cc(123)] NtOpenThread: {Access Denied} A process has requested access to an object, but has not been granted those access rights. (0xc0000022)
[0103/212921.742:ERROR:exception_snapshot_win.cc(99)] thread ID 18872 not found in process
[0103/212921.769:ERROR:process_reader_win.cc(123)] NtOpenThread: {Access Denied} A process has requested access to an object, but has not been granted those access rights. (0xc0000022)
[0103/212921.769:ERROR:exception_snapshot_win.cc(99)] thread ID 19968 not found in process
[0103/212921.771:ERROR:process_reader_win.cc(123)] NtOpenThread: {Access Denied} A process has requested access to an object, but has not been granted those access rights. (0xc0000022)
[0103/212921.771:ERROR:exception_snapshot_win.cc(99)] thread ID 21448 not found in process
[0103/213335.269:ERROR:process_reader_win.cc(123)] NtOpenThread: {Access Denied} A process has requested access to an object, but has not been granted those access rights. (0xc0000022)
[0103/213335.270:ERROR:exception_snapshot_win.cc(99)] thread ID 13364 not found in process
[0103/213335.286:ERROR:process_reader_win.cc(123)] NtOpenThread: {Access Denied} A process has requested access to an object, but has not been granted those access rights. (0xc0000022)
[0103/213335.286:ERROR:exception_snapshot_win.cc(99)] thread ID 19292 not found in process
[0103/213515.579:ERROR:process_reader_win.cc(123)] NtOpenThread: {Access Denied} A process has requested access to an object, but has not been granted those access rights. (0xc0000022)
[0103/213515.580:ERROR:exception_snapshot_win.cc(99)] thread ID 25528 not found in process
[0103/213515.599:ERROR:process_reader_win.cc(123)] NtOpenThread: {Access Denied} A process has requested access to an object, but has not been granted those access rights. (0xc0000022)
[0103/213515.600:ERROR:exception_snapshot_win.cc(99)] thread ID 18608 not found in process
[0103/213904.086:ERROR:process_reader_win.cc(123)] NtOpenThread: {Access Denied} A process has requested access to an object, but has not been granted those access rights. (0xc0000022)
[0103/213904.087:ERROR:exception_snapshot_win.cc(99)] thread ID 23636 not found in process
[0103/213904.089:ERROR:process_reader_win.cc(123)] NtOpenThread: {Access Denied} A process has requested access to an object, but has not been granted those access rights. (0xc0000022)
[0103/213904.089:ERROR:exception_snapshot_win.cc(99)] thread ID 26968 not found in process
[0103/213904.107:ERROR:process_reader_win.cc(123)] NtOpenThread: {Access Denied} A process has requested access to an object, but has not been granted those access rights. (0xc0000022)
[0103/213904.107:ERROR:exception_snapshot_win.cc(99)] thread ID 22624 not found in process
[0103/214054.507:ERROR:process_reader_win.cc(123)] NtOpenThread: {Access Denied} A process has requested access to an object, but has not been granted those access rights. (0xc0000022)
[0103/214054.508:ERROR:exception_snapshot_win.cc(99)] thread ID 25472 not found in process
[0103/214054.523:ERROR:process_reader_win.cc(123)] NtOpenThread: {Access Denied} A process has requested access to an object, but has not been granted those access rights. (0xc0000022)
[0103/214054.523:ERROR:exception_snapshot_win.cc(99)] thread ID 20580 not found in process
[0103/214347.989:ERROR:process_reader_win.cc(123)] NtOpenThread: {Access Denied} A process has requested access to an object, but has not been granted those access rights. (0xc0000022)
[0103/214347.990:ERROR:exception_snapshot_win.cc(99)] thread ID 20892 not found in process
[0103/214348.006:ERROR:process_reader_win.cc(123)] NtOpenThread: {Access Denied} A process has requested access to an object, but has not been granted those access rights. (0xc0000022)
[0103/214348.006:ERROR:exception_snapshot_win.cc(99)] thread ID 12292 not found in process
[0103/214729.068:ERROR:process_reader_win.cc(123)] NtOpenThread: {Access Denied} A process has requested access to an object, but has not been granted those access rights. (0xc0000022)
[0103/214729.069:ERROR:exception_snapshot_win.cc(99)] thread ID 27272 not found in process
[0103/214729.089:ERROR:process_reader_win.cc(123)] NtOpenThread: {Access Denied} A process has requested access to an object, but has not been granted those access rights. (0xc0000022)
[0103/214729.090:ERROR:exception_snapshot_win.cc(99)] thread ID 20828 not found in process
[0103/220256.845:ERROR:process_reader_win.cc(123)] NtOpenThread: {Access Denied} A process has requested access to an object, but has not been granted those access rights. (0xc0000022)
[0103/220256.846:ERROR:exception_snapshot_win.cc(99)] thread ID 21408 not found in process
[0103/220256.865:ERROR:process_reader_win.cc(123)] NtOpenThread: {Access Denied} A process has requested access to an object, but has not been granted those access rights. (0xc0000022)
[0103/220256.865:ERROR:exception_snapshot_win.cc(99)] thread ID 21756 not found in process
[0103/224917.743:ERROR:process_reader_win.cc(123)] NtOpenThread: {Access Denied} A process has requested access to an object, but has not been granted those access rights. (0xc0000022)
[0103/224917.744:ERROR:exception_snapshot_win.cc(99)] thread ID 19116 not found in process
[0103/224917.769:ERROR:process_reader_win.cc(123)] NtOpenThread: {Access Denied} A process has requested access to an object, but has not been granted those access rights. (0xc0000022)
[0103/224917.769:ERROR:exception_snapshot_win.cc(99)] thread ID 11284 not found in process
[0103/225013.659:ERROR:process_reader_win.cc(123)] NtOpenThread: {Access Denied} A process has requested access to an object, but has not been granted those access rights. (0xc0000022)
[0103/225013.659:ERROR:exception_snapshot_win.cc(99)] thread ID 2960 not found in process
[0103/225013.679:ERROR:process_reader_win.cc(123)] NtOpenThread: {Access Denied} A process has requested access to an object, but has not been granted those access rights. (0xc0000022)
[0103/225013.679:ERROR:exception_snapshot_win.cc(99)] thread ID 18612 not found in process
[0103/230050.093:ERROR:process_reader_win.cc(123)] NtOpenThread: {Access Denied} A process has requested access to an object, but has not been granted those access rights. (0xc0000022)
[0103/230050.094:ERROR:exception_snapshot_win.cc(99)] thread ID 27632 not found in process
[0103/230050.136:ERROR:process_reader_win.cc(123)] NtOpenThread: {Access Denied} A process has requested access to an object, but has not been granted those access rights. (0xc0000022)
[0103/230050.137:ERROR:exception_snapshot_win.cc(99)] thread ID 12768 not found in process
[0103/230312.615:ERROR:process_reader_win.cc(123)] NtOpenThread: {Access Denied} A process has requested access to an object, but has not been granted those access rights. (0xc0000022)
[0103/230312.616:ERROR:exception_snapshot_win.cc(99)] thread ID 21472 not found in process
[0103/230312.638:ERROR:process_reader_win.cc(123)] NtOpenThread: {Access Denied} A process has requested access to an object, but has not been granted those access rights. (0xc0000022)
[0103/230312.638:ERROR:exception_snapshot_win.cc(99)] thread ID 9480 not found in process
[0103/232640.621:ERROR:process_reader_win.cc(123)] NtOpenThread: {Access Denied} A process has requested access to an object, but has not been granted those access rights. (0xc0000022)
[0103/232640.622:ERROR:exception_snapshot_win.cc(99)] thread ID 12672 not found in process
[0103/232640.645:ERROR:process_reader_win.cc(123)] NtOpenThread: {Access Denied} A process has requested access to an object, but has not been granted those access rights. (0xc0000022)
[0103/232640.645:ERROR:exception_snapshot_win.cc(99)] thread ID 12532 not found in process
[0103/233359.415:ERROR:process_reader_win.cc(123)] NtOpenThread: {Access Denied} A process has requested access to an object, but has not been granted those access rights. (0xc0000022)
[0103/233359.416:ERROR:exception_snapshot_win.cc(99)] thread ID 25592 not found in process
[0103/233359.442:ERROR:process_reader_win.cc(123)] NtOpenThread: {Access Denied} A process has requested access to an object, but has not been granted those access rights. (0xc0000022)
[0103/233359.443:ERROR:exception_snapshot_win.cc(99)] thread ID 23512 not found in process
[0103/233701.638:ERROR:process_reader_win.cc(123)] NtOpenThread: {Access Denied} A process has requested access to an object, but has not been granted those access rights. (0xc0000022)
[0103/233701.639:ERROR:exception_snapshot_win.cc(99)] thread ID 27396 not found in process
[0103/233701.656:ERROR:process_reader_win.cc(123)] NtOpenThread: {Access Denied} A process has requested access to an object, but has not been granted those access rights. (0xc0000022)
[0103/233701.656:ERROR:exception_snapshot_win.cc(99)] thread ID 25552 not found in process
[0103/234440.126:ERROR:process_reader_win.cc(123)] NtOpenThread: {Access Denied} A process has requested access to an object, but has not been granted those access rights. (0xc0000022)
[0103/234440.127:ERROR:exception_snapshot_win.cc(99)] thread ID 26652 not found in process
[0103/234440.143:ERROR:process_reader_win.cc(123)] NtOpenThread: {Access Denied} A process has requested access to an object, but has not been granted those access rights. (0xc0000022)
[0103/234440.143:ERROR:exception_snapshot_win.cc(99)] thread ID 18756 not found in process
[0103/234724.486:ERROR:process_reader_win.cc(123)] NtOpenThread: {Access Denied} A process has requested access to an object, but has not been granted those access rights. (0xc0000022)
[0103/234724.487:ERROR:exception_snapshot_win.cc(99)] thread ID 23572 not found in process
[0103/234724.489:ERROR:process_reader_win.cc(123)] NtOpenThread: {Access Denied} A process has requested access to an object, but has not been granted those access rights. (0xc0000022)
[0103/234724.490:ERROR:exception_snapshot_win.cc(99)] thread ID 21080 not found in process
[0103/234724.507:ERROR:process_reader_win.cc(123)] NtOpenThread: {Access Denied} A process has requested access to an object, but has not been granted those access rights. (0xc0000022)
[0103/234724.508:ERROR:exception_snapshot_win.cc(99)] thread ID 1656 not found in process
[0103/235153.867:ERROR:process_reader_win.cc(123)] NtOpenThread: {Access Denied} A process has requested access to an object, but has not been granted those access rights. (0xc0000022)
[0103/235153.868:ERROR:exception_snapshot_win.cc(99)] thread ID 26504 not found in process
[0103/235153.891:ERROR:process_reader_win.cc(123)] NtOpenThread: {Access Denied} A process has requested access to an object, but has not been granted those access rights. (0xc0000022)
[0103/235153.891:ERROR:exception_snapshot_win.cc(99)] thread ID 8800 not found in process
[0103/235208.233:ERROR:process_reader_win.cc(123)] NtOpenThread: {Access Denied} A process has requested access to an object, but has not been granted those access rights. (0xc0000022)
[0103/235208.234:ERROR:exception_snapshot_win.cc(99)] thread ID 21708 not found in process
[0103/235208.234:ERROR:process_reader_win.cc(123)] NtOpenThread: {Access Denied} A process has requested access to an object, but has not been granted those access rights. (0xc0000022)
[0103/235208.234:ERROR:exception_snapshot_win.cc(99)] thread ID 22104 not found in process
[0103/235208.254:ERROR:process_reader_win.cc(123)] NtOpenThread: {Access Denied} A process has requested access to an object, but has not been granted those access rights. (0xc0000022)
[0103/235208.255:ERROR:exception_snapshot_win.cc(99)] thread ID 25264 not found in process
[0103/235301.378:ERROR:process_reader_win.cc(123)] NtOpenThread: {Access Denied} A process has requested access to an object, but has not been granted those access rights. (0xc0000022)
[0103/235301.379:ERROR:exception_snapshot_win.cc(99)] thread ID 23048 not found in process
[0103/235301.403:ERROR:process_reader_win.cc(123)] NtOpenThread: {Access Denied} A process has requested access to an object, but has not been granted those access rights. (0xc0000022)
[0103/235301.403:ERROR:exception_snapshot_win.cc(99)] thread ID 23500 not found in process
[0103/235447.290:ERROR:process_reader_win.cc(123)] NtOpenThread: {Access Denied} A process has requested access to an object, but has not been granted those access rights. (0xc0000022)
[0103/235447.291:ERROR:exception_snapshot_win.cc(99)] thread ID 20172 not found in process
[0103/235447.310:ERROR:process_reader_win.cc(123)] NtOpenThread: {Access Denied} A process has requested access to an object, but has not been granted those access rights. (0xc0000022)
[0103/235447.311:ERROR:exception_snapshot_win.cc(99)] thread ID 27468 not found in process
[0103/235507.048:ERROR:process_reader_win.cc(123)] NtOpenThread: {Access Denied} A process has requested access to an object, but has not been granted those access rights. (0xc0000022)
[0103/235507.049:ERROR:exception_snapshot_win.cc(99)] thread ID 14304 not found in process
[0103/235507.066:ERROR:process_reader_win.cc(123)] NtOpenThread: {Access Denied} A process has requested access to an object, but has not been granted those access rights. (0xc0000022)
[0103/235507.066:ERROR:exception_snapshot_win.cc(99)] thread ID 18040 not found in process
[0103/235540.156:ERROR:process_reader_win.cc(123)] NtOpenThread: {Access Denied} A process has requested access to an object, but has not been granted those access rights. (0xc0000022)
[0103/235540.156:ERROR:exception_snapshot_win.cc(99)] thread ID 13364 not found in process
[0103/235540.175:ERROR:process_reader_win.cc(123)] NtOpenThread: {Access Denied} A process has requested access to an object, but has not been granted those access rights. (0xc0000022)
[0103/235540.175:ERROR:exception_snapshot_win.cc(99)] thread ID 18604 not found in process
[0103/235646.115:ERROR:process_reader_win.cc(123)] NtOpenThread: {Access Denied} A process has requested access to an object, but has not been granted those access rights. (0xc0000022)
[0103/235646.117:ERROR:exception_snapshot_win.cc(99)] thread ID 20812 not found in process
[0103/235646.177:ERROR:process_reader_win.cc(123)] NtOpenThread: {Access Denied} A process has requested access to an object, but has not been granted those access rights. (0xc0000022)
[0103/235646.177:ERROR:exception_snapshot_win.cc(99)] thread ID 14996 not found in process
[0103/235834.607:ERROR:process_reader_win.cc(123)] NtOpenThread: {Access Denied} A process has requested access to an object, but has not been granted those access rights. (0xc0000022)
[0103/235834.608:ERROR:exception_snapshot_win.cc(99)] thread ID 22364 not found in process
[0103/235834.607:ERROR:process_reader_win.cc(123)] NtOpenThread: {Access Denied} A process has requested access to an object, but has not been granted those access rights. (0xc0000022)
[0103/235834.608:ERROR:exception_snapshot_win.cc(99)] thread ID 18868 not found in process
[0103/235834.633:ERROR:process_reader_win.cc(123)] NtOpenThread: {Access Denied} A process has requested access to an object, but has not been granted those access rights. (0xc0000022)
[0103/235834.633:ERROR:process_reader_win.cc(123)] NtOpenThread: {Access Denied} A process has requested access to an object, but has not been granted those access rights. (0xc0000022)
[0103/235834.633:ERROR:exception_snapshot_win.cc(99)] thread ID 24280 not found in process
[0103/235834.633:ERROR:exception_snapshot_win.cc(99)] thread ID 27076 not found in process
[0104/000606.702:ERROR:process_reader_win.cc(123)] NtOpenThread: {Access Denied} A process has requested access to an object, but has not been granted those access rights. (0xc0000022)
[0104/000606.703:ERROR:exception_snapshot_win.cc(99)] thread ID 8644 not found in process
[0104/000606.703:ERROR:process_reader_win.cc(123)] NtOpenThread: {Access Denied} A process has requested access to an object, but has not been granted those access rights. (0xc0000022)
[0104/000606.703:ERROR:exception_snapshot_win.cc(99)] thread ID 20104 not found in process
[0104/000606.718:ERROR:process_reader_win.cc(123)] NtOpenThread: {Access Denied} A process has requested access to an object, but has not been granted those access rights. (0xc0000022)
[0104/000606.718:ERROR:exception_snapshot_win.cc(99)] thread ID 13532 not found in process
[0104/000840.878:ERROR:process_reader_win.cc(123)] NtOpenThread: {Access Denied} A process has requested access to an object, but has not been granted those access rights. (0xc0000022)
[0104/000840.879:ERROR:exception_snapshot_win.cc(99)] thread ID 22756 not found in process
[0104/000840.883:ERROR:process_reader_win.cc(123)] NtOpenThread: {Access Denied} A process has requested access to an object, but has not been granted those access rights. (0xc0000022)
[0104/000840.883:ERROR:exception_snapshot_win.cc(99)] thread ID 26796 not found in process
[0104/000840.900:ERROR:process_reader_win.cc(123)] NtOpenThread: {Access Denied} A process has requested access to an object, but has not been granted those access rights. (0xc0000022)
[0104/000840.900:ERROR:exception_snapshot_win.cc(99)] thread ID 27144 not found in process
[0104/000957.325:ERROR:process_reader_win.cc(123)] NtOpenThread: {Access Denied} A process has requested access to an object, but has not been granted those access rights. (0xc0000022)
[0104/000957.325:ERROR:exception_snapshot_win.cc(99)] thread ID 1204 not found in process
[0104/000957.349:ERROR:process_reader_win.cc(123)] NtOpenThread: {Access Denied} A process has requested access to an object, but has not been granted those access rights. (0xc0000022)
[0104/000957.349:ERROR:exception_snapshot_win.cc(99)] thread ID 12848 not found in process
[0104/001318.756:ERROR:process_reader_win.cc(123)] NtOpenThread: {Access Denied} A process has requested access to an object, but has not been granted those access rights. (0xc0000022)
[0104/001318.757:ERROR:exception_snapshot_win.cc(99)] thread ID 8524 not found in process
[0104/001318.775:ERROR:process_reader_win.cc(123)] NtOpenThread: {Access Denied} A process has requested access to an object, but has not been granted those access rights. (0xc0000022)
[0104/001318.775:ERROR:exception_snapshot_win.cc(99)] thread ID 17188 not found in process
[0104/001628.745:ERROR:process_reader_win.cc(123)] NtOpenThread: {Access Denied} A process has requested access to an object, but has not been granted those access rights. (0xc0000022)
[0104/001628.746:ERROR:exception_snapshot_win.cc(99)] thread ID 27416 not found in process
[0104/001628.770:ERROR:process_reader_win.cc(123)] NtOpenThread: {Access Denied} A process has requested access to an object, but has not been granted those access rights. (0xc0000022)
[0104/001628.770:ERROR:exception_snapshot_win.cc(99)] thread ID 19124 not found in process
[0104/001923.127:ERROR:process_reader_win.cc(151)] SuspendThread: Access is denied. (0x5)
[0104/001923.128:ERROR:process_reader_win.cc(151)] SuspendThread: Access is denied. (0x5)
[0104/001923.128:ERROR:process_reader_win.cc(151)] SuspendThread: Access is denied. (0x5)
[0104/001923.128:ERROR:process_reader_win.cc(151)] SuspendThread: Access is denied. (0x5)
[0104/001923.128:ERROR:process_reader_win.cc(151)] SuspendThread: Access is denied. (0x5)
[0104/001923.128:ERROR:process_reader_win.cc(151)] SuspendThread: Access is denied. (0x5)
[0104/001923.128:ERROR:process_reader_win.cc(151)] SuspendThread: Access is denied. (0x5)
[0104/001923.128:ERROR:process_reader_win.cc(123)] NtOpenThread: {Access Denied} A process has requested access to an object, but has not been granted those access rights. (0xc0000022)
[0104/001923.128:ERROR:exception_snapshot_win.cc(99)] thread ID 10484 not found in process
[0104/001923.153:ERROR:process_reader_win.cc(151)] SuspendThread: Access is denied. (0x5)
[0104/001923.153:ERROR:process_reader_win.cc(151)] SuspendThread: Access is denied. (0x5)
[0104/001923.153:ERROR:process_reader_win.cc(151)] SuspendThread: Access is denied. (0x5)
[0104/001923.153:ERROR:process_reader_win.cc(123)] NtOpenThread: {Access Denied} A process has requested access to an object, but has not been granted those access rights. (0xc0000022)
[0104/001923.153:ERROR:exception_snapshot_win.cc(99)] thread ID 11052 not found in process
[0104/001938.866:ERROR:process_reader_win.cc(123)] NtOpenThread: {Access Denied} A process has requested access to an object, but has not been granted those access rights. (0xc0000022)
[0104/001938.867:ERROR:exception_snapshot_win.cc(99)] thread ID 22364 not found in process
[0104/001938.885:ERROR:process_reader_win.cc(123)] NtOpenThread: {Access Denied} A process has requested access to an object, but has not been granted those access rights. (0xc0000022)
[0104/001938.885:ERROR:exception_snapshot_win.cc(99)] thread ID 14816 not found in process
[0104/002644.042:ERROR:process_reader_win.cc(123)] NtOpenThread: {Access Denied} A process has requested access to an object, but has not been granted those access rights. (0xc0000022)
[0104/002644.043:ERROR:exception_snapshot_win.cc(99)] thread ID 19592 not found in process
[0104/002644.045:ERROR:process_reader_win.cc(123)] NtOpenThread: {Access Denied} A process has requested access to an object, but has not been granted those access rights. (0xc0000022)
[0104/002644.045:ERROR:exception_snapshot_win.cc(99)] thread ID 17444 not found in process
[0104/002644.062:ERROR:process_reader_win.cc(123)] NtOpenThread: {Access Denied} A process has requested access to an object, but has not been granted those access rights. (0xc0000022)
[0104/002644.062:ERROR:exception_snapshot_win.cc(99)] thread ID 18572 not found in process
[0104/003153.391:ERROR:process_reader_win.cc(123)] NtOpenThread: {Access Denied} A process has requested access to an object, but has not been granted those access rights. (0xc0000022)
[0104/003153.392:ERROR:exception_snapshot_win.cc(99)] thread ID 20340 not found in process
[0104/003153.411:ERROR:process_reader_win.cc(123)] NtOpenThread: {Access Denied} A process has requested access to an object, but has not been granted those access rights. (0xc0000022)
[0104/003153.411:ERROR:exception_snapshot_win.cc(99)] thread ID 27240 not found in process
[0104/003212.134:ERROR:process_reader_win.cc(123)] NtOpenThread: {Access Denied} A process has requested access to an object, but has not been granted those access rights. (0xc0000022)
[0104/003212.134:ERROR:exception_snapshot_win.cc(99)] thread ID 2684 not found in process
[0104/003212.154:ERROR:process_reader_win.cc(123)] NtOpenThread: {Access Denied} A process has requested access to an object, but has not been granted those access rights. (0xc0000022)
[0104/003212.154:ERROR:exception_snapshot_win.cc(99)] thread ID 23420 not found in process
[0104/004024.869:ERROR:process_reader_win.cc(123)] NtOpenThread: {Access Denied} A process has requested access to an object, but has not been granted those access rights. (0xc0000022)
[0104/004024.870:ERROR:exception_snapshot_win.cc(99)] thread ID 12528 not found in process
[0104/004024.890:ERROR:process_reader_win.cc(123)] NtOpenThread: {Access Denied} A process has requested access to an object, but has not been granted those access rights. (0xc0000022)
[0104/004024.890:ERROR:exception_snapshot_win.cc(99)] thread ID 21540 not found in process
[0104/004231.572:ERROR:process_reader_win.cc(123)] NtOpenThread: {Access Denied} A process has requested access to an object, but has not been granted those access rights. (0xc0000022)
[0104/004231.573:ERROR:exception_snapshot_win.cc(99)] thread ID 26860 not found in process
[0104/004231.572:ERROR:process_reader_win.cc(123)] NtOpenThread: {Access Denied} A process has requested access to an object, but has not been granted those access rights. (0xc0000022)
[0104/004231.574:ERROR:exception_snapshot_win.cc(99)] thread ID 4976 not found in process
[0104/004231.599:ERROR:process_reader_win.cc(123)] NtOpenThread: {Access Denied} A process has requested access to an object, but has not been granted those access rights. (0xc0000022)
[0104/004231.599:ERROR:exception_snapshot_win.cc(99)] thread ID 22952 not found in process
[0104/004231.600:ERROR:process_reader_win.cc(123)] NtOpenThread: {Access Denied} A process has requested access to an object, but has not been granted those access rights. (0xc0000022)
[0104/004231.600:ERROR:exception_snapshot_win.cc(99)] thread ID 24848 not found in process
[0104/004543.873:ERROR:process_reader_win.cc(123)] NtOpenThread: {Access Denied} A process has requested access to an object, but has not been granted those access rights. (0xc0000022)
[0104/004543.874:ERROR:exception_snapshot_win.cc(99)] thread ID 21072 not found in process
[0104/004543.893:ERROR:process_reader_win.cc(123)] NtOpenThread: {Access Denied} A process has requested access to an object, but has not been granted those access rights. (0xc0000022)
[0104/004543.893:ERROR:exception_snapshot_win.cc(99)] thread ID 22200 not found in process
[0104/004844.327:ERROR:process_reader_win.cc(123)] NtOpenThread: {Access Denied} A process has requested access to an object, but has not been granted those access rights. (0xc0000022)
[0104/004844.328:ERROR:exception_snapshot_win.cc(99)] thread ID 26440 not found in process
[0104/004844.334:ERROR:process_reader_win.cc(151)] SuspendThread: Access is denied. (0x5)
[0104/004844.335:ERROR:process_reader_win.cc(151)] SuspendThread: Access is denied. (0x5)
[0104/004844.335:ERROR:process_reader_win.cc(123)] NtOpenThread: {Access Denied} A process has requested access to an object, but has not been granted those access rights. (0xc0000022)
[0104/004844.335:ERROR:exception_snapshot_win.cc(99)] thread ID 25308 not found in process
[0104/004844.361:ERROR:process_reader_win.cc(123)] NtOpenThread: {Access Denied} A process has requested access to an object, but has not been granted those access rights. (0xc0000022)
[0104/004844.361:ERROR:exception_snapshot_win.cc(99)] thread ID 16192 not found in process
[0104/005118.576:ERROR:process_reader_win.cc(123)] NtOpenThread: {Access Denied} A process has requested access to an object, but has not been granted those access rights. (0xc0000022)
[0104/005118.576:ERROR:exception_snapshot_win.cc(99)] thread ID 25504 not found in process
[0104/005118.594:ERROR:process_reader_win.cc(123)] NtOpenThread: {Access Denied} A process has requested access to an object, but has not been granted those access rights. (0xc0000022)
[0104/005118.594:ERROR:exception_snapshot_win.cc(99)] thread ID 27524 not found in process
[0104/011818.630:ERROR:process_reader_win.cc(123)] NtOpenThread: {Access Denied} A process has requested access to an object, but has not been granted those access rights. (0xc0000022)
[0104/011818.631:ERROR:exception_snapshot_win.cc(99)] thread ID 7472 not found in process
[0104/011818.648:ERROR:process_reader_win.cc(123)] NtOpenThread: {Access Denied} A process has requested access to an object, but has not been granted those access rights. (0xc0000022)
[0104/011818.648:ERROR:exception_snapshot_win.cc(99)] thread ID 19296 not found in process
[0104/014712.955:ERROR:process_reader_win.cc(123)] NtOpenThread: {Access Denied} A process has requested access to an object, but has not been granted those access rights. (0xc0000022)
[0104/014712.956:ERROR:exception_snapshot_win.cc(99)] thread ID 7532 not found in process
[0104/014712.981:ERROR:process_reader_win.cc(123)] NtOpenThread: {Access Denied} A process has requested access to an object, but has not been granted those access rights. (0xc0000022)
[0104/014712.982:ERROR:exception_snapshot_win.cc(99)] thread ID 13484 not found in process
[0106/215004.101:ERROR:process_reader_win.cc(123)] NtOpenThread: {Access Denied} A process has requested access to an object, but has not been granted those access rights. (0xc0000022)
[0106/215004.104:ERROR:exception_snapshot_win.cc(99)] thread ID 1824 not found in process
[0106/215004.123:ERROR:process_reader_win.cc(123)] NtOpenThread: {Access Denied} A process has requested access to an object, but has not been granted those access rights. (0xc0000022)
[0106/215004.123:ERROR:exception_snapshot_win.cc(99)] thread ID 2168 not found in process
[0106/215809.431:ERROR:process_reader_win.cc(123)] NtOpenThread: {Access Denied} A process has requested access to an object, but has not been granted those access rights. (0xc0000022)
[0106/215809.432:ERROR:exception_snapshot_win.cc(99)] thread ID 12872 not found in process
[0106/215809.454:ERROR:process_reader_win.cc(123)] NtOpenThread: {Access Denied} A process has requested access to an object, but has not been granted those access rights. (0xc0000022)
[0106/215809.454:ERROR:exception_snapshot_win.cc(99)] thread ID 20992 not found in process
[0106/221405.870:ERROR:process_reader_win.cc(123)] NtOpenThread: {Access Denied} A process has requested access to an object, but has not been granted those access rights. (0xc0000022)
[0106/221405.871:ERROR:exception_snapshot_win.cc(99)] thread ID 23452 not found in process
[0106/221405.892:ERROR:process_reader_win.cc(123)] NtOpenThread: {Access Denied} A process has requested access to an object, but has not been granted those access rights. (0xc0000022)
[0106/221405.892:ERROR:exception_snapshot_win.cc(99)] thread ID 5004 not found in process
[0106/230805.639:ERROR:process_reader_win.cc(123)] NtOpenThread: {Access Denied} A process has requested access to an object, but has not been granted those access rights. (0xc0000022)
[0106/230805.640:ERROR:exception_snapshot_win.cc(99)] thread ID 24812 not found in process
[0106/230805.661:ERROR:process_reader_win.cc(123)] NtOpenThread: {Access Denied} A process has requested access to an object, but has not been granted those access rights. (0xc0000022)
[0106/230805.661:ERROR:exception_snapshot_win.cc(99)] thread ID 14904 not found in process
[0107/203210.583:ERROR:directory_reader_win.cc(43)] FindFirstFile: The system cannot find the path specified. (0x3)
[0107/212542.421:ERROR:process_reader_win.cc(123)] NtOpenThread: {Access Denied} A process has requested access to an object, but has not been granted those access rights. (0xc0000022)
[0107/212542.423:ERROR:exception_snapshot_win.cc(99)] thread ID 22252 not found in process
[0107/212542.425:ERROR:process_reader_win.cc(123)] NtOpenThread: {Access Denied} A process has requested access to an object, but has not been granted those access rights. (0xc0000022)
[0107/212542.426:ERROR:exception_snapshot_win.cc(99)] thread ID 17928 not found in process
[0107/212542.448:ERROR:process_reader_win.cc(123)] NtOpenThread: {Access Denied} A process has requested access to an object, but has not been granted those access rights. (0xc0000022)
[0107/212542.448:ERROR:exception_snapshot_win.cc(99)] thread ID 2448 not found in process
[0107/214103.214:ERROR:directory_reader_win.cc(43)] FindFirstFile: The system cannot find the path specified. (0x3)
[0107/214129.390:ERROR:process_reader_win.cc(123)] NtOpenThread: {Access Denied} A process has requested access to an object, but has not been granted those access rights. (0xc0000022)
[0107/214129.391:ERROR:exception_snapshot_win.cc(99)] thread ID 22796 not found in process
[0107/214129.417:ERROR:process_reader_win.cc(123)] NtOpenThread: {Access Denied} A process has requested access to an object, but has not been granted those access rights. (0xc0000022)
[0107/214129.418:ERROR:exception_snapshot_win.cc(99)] thread ID 26028 not found in process
[0107/232851.011:ERROR:process_reader_win.cc(123)] NtOpenThread: {Access Denied} A process has requested access to an object, but has not been granted those access rights. (0xc0000022)
[0107/232851.013:ERROR:exception_snapshot_win.cc(99)] thread ID 19320 not found in process
[0107/232851.034:ERROR:process_reader_win.cc(123)] NtOpenThread: {Access Denied} A process has requested access to an object, but has not been granted those access rights. (0xc0000022)
[0107/232851.034:ERROR:exception_snapshot_win.cc(99)] thread ID 14184 not found in process
[0107/233021.809:ERROR:process_reader_win.cc(123)] NtOpenThread: {Access Denied} A process has requested access to an object, but has not been granted those access rights. (0xc0000022)
[0107/233021.810:ERROR:exception_snapshot_win.cc(99)] thread ID 6988 not found in process
[0107/233021.810:ERROR:process_reader_win.cc(123)] NtOpenThread: {Access Denied} A process has requested access to an object, but has not been granted those access rights. (0xc0000022)
[0107/233021.810:ERROR:exception_snapshot_win.cc(99)] thread ID 24260 not found in process
[0107/233021.831:ERROR:process_reader_win.cc(123)] NtOpenThread: {Access Denied} A process has requested access to an object, but has not been granted those access rights. (0xc0000022)
[0107/233021.831:ERROR:exception_snapshot_win.cc(99)] thread ID 4252 not found in process
[0107/233346.791:ERROR:process_reader_win.cc(123)] NtOpenThread: {Access Denied} A process has requested access to an object, but has not been granted those access rights. (0xc0000022)
[0107/233346.792:ERROR:exception_snapshot_win.cc(99)] thread ID 18500 not found in process
[0107/233346.813:ERROR:process_reader_win.cc(123)] NtOpenThread: {Access Denied} A process has requested access to an object, but has not been granted those access rights. (0xc0000022)
[0107/233346.813:ERROR:exception_snapshot_win.cc(99)] thread ID 13848 not found in process
[0107/234428.109:ERROR:process_reader_win.cc(123)] NtOpenThread: {Access Denied} A process has requested access to an object, but has not been granted those access rights. (0xc0000022)
[0107/234428.111:ERROR:exception_snapshot_win.cc(99)] thread ID 24612 not found in process
[0107/234428.133:ERROR:process_reader_win.cc(123)] NtOpenThread: {Access Denied} A process has requested access to an object, but has not been granted those access rights. (0xc0000022)
[0107/234428.133:ERROR:exception_snapshot_win.cc(99)] thread ID 8548 not found in process
[0107/234840.714:ERROR:process_reader_win.cc(123)] NtOpenThread: {Access Denied} A process has requested access to an object, but has not been granted those access rights. (0xc0000022)
[0107/234840.715:ERROR:exception_snapshot_win.cc(99)] thread ID 14012 not found in process
[0107/234840.733:ERROR:process_reader_win.cc(123)] NtOpenThread: {Access Denied} A process has requested access to an object, but has not been granted those access rights. (0xc0000022)
[0107/234840.733:ERROR:exception_snapshot_win.cc(99)] thread ID 25120 not found in process
[0107/234936.325:ERROR:process_reader_win.cc(123)] NtOpenThread: {Access Denied} A process has requested access to an object, but has not been granted those access rights. (0xc0000022)
[0107/234936.326:ERROR:exception_snapshot_win.cc(99)] thread ID 18844 not found in process
[0107/234936.344:ERROR:process_reader_win.cc(123)] NtOpenThread: {Access Denied} A process has requested access to an object, but has not been granted those access rights. (0xc0000022)
[0107/234936.344:ERROR:exception_snapshot_win.cc(99)] thread ID 8496 not found in process
[0107/235608.339:ERROR:process_reader_win.cc(123)] NtOpenThread: {Access Denied} A process has requested access to an object, but has not been granted those access rights. (0xc0000022)
[0107/235608.341:ERROR:exception_snapshot_win.cc(99)] thread ID 23596 not found in process
[0107/235608.368:ERROR:process_reader_win.cc(123)] NtOpenThread: {Access Denied} A process has requested access to an object, but has not been granted those access rights. (0xc0000022)
[0107/235608.368:ERROR:exception_snapshot_win.cc(99)] thread ID 13336 not found in process
[0107/235642.325:ERROR:process_reader_win.cc(123)] NtOpenThread: {Access Denied} A process has requested access to an object, but has not been granted those access rights. (0xc0000022)
[0107/235642.325:ERROR:exception_snapshot_win.cc(99)] thread ID 5136 not found in process
[0107/235642.349:ERROR:process_reader_win.cc(123)] NtOpenThread: {Access Denied} A process has requested access to an object, but has not been granted those access rights. (0xc0000022)
[0107/235642.349:ERROR:exception_snapshot_win.cc(99)] thread ID 16924 not found in process
[0107/235906.042:ERROR:process_reader_win.cc(123)] NtOpenThread: {Access Denied} A process has requested access to an object, but has not been granted those access rights. (0xc0000022)
[0107/235906.043:ERROR:exception_snapshot_win.cc(99)] thread ID 23480 not found in process
[0107/235906.061:ERROR:process_reader_win.cc(123)] NtOpenThread: {Access Denied} A process has requested access to an object, but has not been granted those access rights. (0xc0000022)
[0107/235906.061:ERROR:exception_snapshot_win.cc(99)] thread ID 17628 not found in process
[0108/000038.568:ERROR:process_reader_win.cc(123)] NtOpenThread: {Access Denied} A process has requested access to an object, but has not been granted those access rights. (0xc0000022)
[0108/000038.569:ERROR:exception_snapshot_win.cc(99)] thread ID 17596 not found in process
[0108/000038.586:ERROR:process_reader_win.cc(123)] NtOpenThread: {Access Denied} A process has requested access to an object, but has not been granted those access rights. (0xc0000022)
[0108/000038.586:ERROR:exception_snapshot_win.cc(99)] thread ID 14940 not found in process
[0108/000813.207:ERROR:process_reader_win.cc(123)] NtOpenThread: {Access Denied} A process has requested access to an object, but has not been granted those access rights. (0xc0000022)
[0108/000813.208:ERROR:exception_snapshot_win.cc(99)] thread ID 9668 not found in process
[0108/000813.222:ERROR:process_reader_win.cc(123)] NtOpenThread: {Access Denied} A process has requested access to an object, but has not been granted those access rights. (0xc0000022)
[0108/000813.222:ERROR:exception_snapshot_win.cc(99)] thread ID 24076 not found in process
[0108/000900.372:ERROR:process_reader_win.cc(123)] NtOpenThread: {Access Denied} A process has requested access to an object, but has not been granted those access rights. (0xc0000022)
[0108/000900.373:ERROR:exception_snapshot_win.cc(99)] thread ID 14068 not found in process
[0108/000900.399:ERROR:process_reader_win.cc(123)] NtOpenThread: {Access Denied} A process has requested access to an object, but has not been granted those access rights. (0xc0000022)
[0108/000900.399:ERROR:exception_snapshot_win.cc(99)] thread ID 16608 not found in process
